app/build/outputs/mapping/release/seeds.txt
app.signalnoise.twa.widget.J2
app.signalnoise.twa.widget.J3
app.signalnoise.twa.widget.Q
app.signalnoise.twa.widget.WidgetUpdateReceiver
app.signalnoise.twa.widget.PWinner
app.signalnoise.twa.DelegationService
app.signalnoise.twa.WidgetUpdateService
app.signalnoise.twa.widget.DataPollingService
app.signalnoise.twa.widget.J1
app.signalnoise.twa.LauncherActivity
app.signalnoise.twa.widget.WinnerProgress30s
app.signalnoise.twa.Application
app.signalnoise.twa.widget.WinnerProgress30s: WinnerProgress30s()
app.signalnoise.twa.LauncherActivity: LauncherActivity()
app.signalnoise.twa.WidgetUpdateService: WidgetUpdateService()
app.signalnoise.twa.widget.J2: J2()
app.signalnoise.twa.Application: Application()
app.signalnoise.twa.widget.Q: Q()
app.signalnoise.twa.widget.J1: J1()
app.signalnoise.twa.widget.J3: J3()
app.signalnoise.twa.widget.DataPollingService: DataPollingService()
app.signalnoise.twa.widget.PWinner: PWinner()
app.signalnoise.twa.widget.WidgetUpdateReceiver: WidgetUpdateReceiver()
app.signalnoise.twa.DelegationService: DelegationService()
...
androidx.core.view.WindowInsetsCompat$Impl21: androidx.core.graphics.Insets getStableInsets()
androidx.core.app.NotificationManagerCompat$Api26Impl: void deleteNotificationChannelGroup(android.app.NotificationManager,java.lang.String)
androidx.core.widget.TextViewCompat$Api34Impl: void setLineHeight(android.widget.TextView,int,float)
androidx.core.view.ViewCompat$Api28Impl: java.lang.CharSequence getAccessibilityPaneTitle(android.view.View)
androidx.appcompat.view.menu.ListMenuItemView: void setGroupDividerEnabled(boolean)
androidx.appcompat.widget.ActionBarOverlayLayout: void setOverlayMode(boolean)
androidx.core.view.WindowInsetsCompat$Impl: void copyRootViewBounds(android.view.View)
androidx.appcompat.widget.Toolbar: void setTitle(java.lang.CharSequence)
androidx.appcompat.widget.AppCompatImageView: void setBackgroundDrawable(android.graphics.drawable.Drawable)
androidx.core.app.NotificationManagerCompat$Api26Impl: void deleteNotificationChannel(android.app.NotificationManager,java.lang.String)
androidx.lifecycle.EmptyActivityLifecycleCallbacks: void onActivityDestroyed(android.app.Activity)
androidx.core.content.res.FontResourcesParserCompat$Api21Impl: int getType(android.content.res.TypedArray,int)
androidx.core.view.WindowInsetsCompat$Impl29: androidx.core.view.WindowInsetsCompat inset(int,int,int,int)
androidx.core.graphics.drawable.DrawableCompat$Api23Impl: boolean setLayoutDirection(android.graphics.drawable.Drawable,int)
androidx.appcompat.widget.AppCompatTextView: android.content.res.ColorStateList getSupportCompoundDrawablesTintList()
androidx.appcompat.widget.ActionBarContainer: ActionBarContainer(android.content.Context,android.util.AttributeSet)
androidx.appcompat.widget.AppCompatTextView: void setCustomSelectionActionModeCallback(android.view.ActionMode$Callback)
androidx.appcompat.view.menu.ListMenuItemView: void setCheckable(boolean)
androidx.core.view.MenuItemCompat$Api26Impl: android.view.MenuItem setContentDescription(android.view.MenuItem,java.lang.CharSequence)
androidx.core.graphics.drawable.IconCompat$Api26Impl: android.graphics.drawable.Icon createWithAdaptiveBitmap(android.graphics.Bitmap)
androidx.appcompat.widget.AppCompatTextViewAutoSizeHelper$Impl29: AppCompatTextViewAutoSizeHelper$Impl29()
androidx.appcompat.widget.AppCompatTextView: androidx.appcompat.widget.AppCompatTextView$SuperCaller getSuperCaller()
androidx.appcompat.widget.SearchView$SearchAutoComplete: void setImeVisibility(boolean)
androidx.vectordrawable.graphics.drawable.VectorDrawableCompat$VPathRenderer: int getRootAlpha()
androidx.appcompat.widget.DialogTitle: DialogTitle(android.content.Context,android.util.AttributeSet)
androidx.core.view.ViewConfigurationCompat$Api28Impl: boolean shouldShowMenuShortcutsWhenKeyboardPresent(android.view.ViewConfiguration)
androidx.core.view.WindowInsetsCompat$Impl: boolean isRound()
androidx.core.view.ViewConfigurationCompat$Api34Impl: int getScaledMinimumFlingVelocity(android.view.ViewConfiguration,int,int,int)
androidx.appcompat.widget.AppCompatImageButton: void setImageDrawable(android.graphics.drawable.Drawable)
androidx.appcompat.widget.AppCompatTextView: int[] getAutoSizeTextAvailableSizes()
androidx.core.view.WindowInsetsCompat$BuilderImpl29: void setMandatorySystemGestureInsets(androidx.core.graphics.Insets)
androidx.appcompat.widget.AppCompatTextViewAutoSizeHelper$Api23Impl: android.text.StaticLayout createStaticLayoutForMeasuring(java.lang.CharSequence,android.text.Layout$Alignment,int,int,android.widget.TextView,android.text.TextPaint,androidx.appcompat.widget.AppCompatTextViewAutoSizeHelper$Impl)
androidx.appcompat.widget.Toolbar: void setCollapseContentDescription(int)
androidx.core.widget.EdgeEffectCompat$Api21Impl: void onPull(android.widget.EdgeEffect,float,float)
androidx.core.graphics.drawable.DrawableCompat$Api21Impl: void setHotspotBounds(android.graphics.drawable.Drawable,int,int,int,int)