app/build/outputs/mapping/release/mapping.txt
# compiler: R8
# compiler_version: 8.9.32
# min_api: 21
# common_typos_disable
# {"id":"com.android.tools.r8.mapping","version":"2.2"}
# pg_map_id: 535abd8
# pg_map_hash: SHA-256 535abd87925f3fedfce1970317777dd7286a0d8b174b9ad1b7a2723b970f06cf
app.signalnoise.twa.Application -> app.signalnoise.twa.Application:
# {"id":"sourceFile","fileName":"Application.java"}
    1:4:void <init>():20:20 -> <init>
    1:4:void onCreate():26:26 -> onCreate
app.signalnoise.twa.DelegationService -> app.signalnoise.twa.DelegationService:
# {"id":"sourceFile","fileName":"DelegationService.java"}
    1:4:void <init>():5:5 -> <init>
    1:4:void onCreate():9:9 -> onCreate
app.signalnoise.twa.LauncherActivity -> app.signalnoise.twa.LauncherActivity:
# {"id":"sourceFile","fileName":"LauncherActivity.java"}
    1:4:void <init>():28:28 -> <init>
    1:6:android.net.Uri getLaunchingUrl():73:73 -> i
    7:12:android.net.Uri getLaunchingUrl():74:74 -> i
    13:17:android.net.Uri getLaunchingUrl():76:76 -> i
    18:22:android.net.Uri getLaunchingUrl():80:80 -> i
    1:3:void onCreate(android.os.Bundle):36:36 -> onCreate
    4:11:void onCreate(android.os.Bundle):41:41 -> onCreate
    12:16:void onCreate(android.os.Bundle):42:42 -> onCreate
    17:19:void onCreate(android.os.Bundle):44:44 -> onCreate
    20:26:void onCreate(android.os.Bundle):49:49 -> onCreate
    27:30:void onCreate(android.os.Bundle):50:50 -> onCreate
    31:37:void onCreate(android.os.Bundle):52:52 -> onCreate
    38:44:void onCreate(android.os.Bundle):53:53 -> onCreate
    45:48:void onCreate(android.os.Bundle):54:54 -> onCreate
    49:51:void onCreate(android.os.Bundle):59:59 -> onCreate
    52:58:void onCreate(android.os.Bundle):62:62 -> onCreate
    59:63:void onCreate(android.os.Bundle):63:63 -> onCreate
    64:67:void onCreate(android.os.Bundle):64:64 -> onCreate
    1:3:void onResume():85:85 -> onResume
    4:10:void onResume():91:91 -> onResume
    11:23:void onResume():92:92 -> onResume
    24:27:void onResume():96:96 -> onResume
app.signalnoise.twa.R$id -> I.a:
    int breathing_number -> a
    int emotional_container -> b
    int emotional_ratio -> c
    int perfect_noise -> d
    int perfect_ratio -> e
    int perfect_signal -> f
    int perfect_trend -> g
    int quantum_field -> h
    int quantum_ratio -> i
    int widget_container -> j
    int widget_progress -> k
    int widget_ratio -> l
    int zen_pure_number -> m
app.signalnoise.twa.R$layout -> I.b:
    int widget_1x1 -> a
    int widget_breathing_calm -> b
    int widget_breathing_focus -> c
    int widget_breathing_stress -> d
    int widget_emotional -> e
    int widget_perfect -> f
    int widget_quantum -> g
    int widget_sn2x1p -> h
    int widget_zen_pure -> i
app.signalnoise.twa.WidgetUpdateService -> app.signalnoise.twa.WidgetUpdateService:
# {"id":"sourceFile","fileName":"WidgetUpdateService.java"}
    android.os.Handler handler -> a
    android.webkit.WebView hiddenWebView -> b
    java.lang.Runnable updateTask -> c
    1:3:void <init>():19:19 -> <init>
    4:10:void <init>():22:22 -> <init>
    11:18:void <init>():25:25 -> <init>
    1:4:void access$000(app.signalnoise.twa.WidgetUpdateService):19:19 -> a
    1:3:android.os.Handler access$100(app.signalnoise.twa.WidgetUpdateService):19:19 -> b
    1:4:void access$200(app.signalnoise.twa.WidgetUpdateService):19:19 -> c
    1:4:void access$300(app.signalnoise.twa.WidgetUpdateService,int,int):19:19 -> d
    1:4:void access$400(app.signalnoise.twa.WidgetUpdateService):19:19 -> e
    1:13:void extractDataFromLocalStorage():101:101 -> f
    1:7:void fetchDataFromWebApp():58:58 -> g
    8:20:void fetchDataFromWebApp():61:61 -> g
    1:8:void updateAllWidgets():152:152 -> h
    9:13:void updateAllWidgets():155:155 -> h
    14:18:void updateAllWidgets():156:156 -> h
    19:22:void updateAllWidgets():157:157 -> h
    23:27:void updateAllWidgets():158:158 -> h
    28:31:void updateAllWidgets():159:159 -> h
    32:36:void updateAllWidgets():160:160 -> h
    37:39:void updateAllWidgets():161:161 -> h
    40:46:void updateAllWidgets():163:163 -> h
    47:52:void updateAllWidgets():165:165 -> h
    1:7:void updateSharedPreferences(int,int):141:141 -> i
...
com.google.androidbrowserhelper.trusted.ManageDataLauncherActivity$$ExternalSyntheticApiModelOutline5 -> L.q:
# {"id":"sourceFile","fileName":"R8$$SyntheticClass"}
# {"id":"com.android.tools.r8.synthesized"}
    1:1:android.content.pm.ShortcutInfo$Builder L.ManageDataLauncherActivity$$ExternalSyntheticApiModelOutline5.m(android.content.pm.ShortcutInfo$Builder,java.lang.CharSequence):0:0 -> a
      # {"id":"com.android.tools.r8.synthesized"}
com.google.androidbrowserhelper.trusted.ManageDataLauncherActivity$$ExternalSyntheticApiModelOutline6 -> L.r:
# {"id":"sourceFile","fileName":"R8$$SyntheticClass"}
# {"id":"com.android.tools.r8.synthesized"}
    1:1:android.content.pm.ShortcutInfo$Builder L.ManageDataLauncherActivity$$ExternalSyntheticApiModelOutline6.m(android.content.pm.ShortcutInfo$Builder,java.lang.CharSequence):0:0 -> a
      # {"id":"com.android.tools.r8.synthesized"}
com.google.androidbrowserhelper.trusted.ManageDataLauncherActivity$$ExternalSyntheticApiModelOutline7 -> L.s:
# {"id":"sourceFile","fileName":"R8$$SyntheticClass"}
# {"id":"com.android.tools.r8.synthesized"}
    1:1:android.graphics.drawable.Icon L.ManageDataLauncherActivity$$ExternalSyntheticApiModelOutline7.m(android.content.Context,int):0:0 -> a
      # {"id":"com.android.tools.r8.synthesized"}
com.google.androidbrowserhelper.trusted.ManageDataLauncherActivity$$ExternalSyntheticApiModelOutline8 -> L.t:
# {"id":"sourceFile","fileName":"R8$$SyntheticClass"}
# {"id":"com.android.tools.r8.synthesized"}
    1:1:android.content.pm.ShortcutInfo$Builder L.ManageDataLauncherActivity$$ExternalSyntheticApiModelOutline8.m(android.content.pm.ShortcutInfo$Builder,android.graphics.drawable.Icon):0:0 -> a
      # {"id":"com.android.tools.r8.synthesized"}
com.google.androidbrowserhelper.trusted.ManageDataLauncherActivity$$ExternalSyntheticApiModelOutline9 -> L.u:
# {"id":"sourceFile","fileName":"R8$$SyntheticClass"}
# {"id":"com.android.tools.r8.synthesized"}
    1:1:android.content.pm.ShortcutInfo$Builder L.ManageDataLauncherActivity$$ExternalSyntheticApiModelOutline9.m(android.content.pm.ShortcutInfo$Builder,android.content.Intent):0:0 -> a
      # {"id":"com.android.tools.r8.synthesized"}
com.google.androidbrowserhelper.trusted.ManageDataLauncherActivity$1 -> com.google.androidbrowserhelper.trusted.ManageDataLauncherActivity$a:
# {"id":"sourceFile","fileName":"ManageDataLauncherActivity.java"}
com.google.androidbrowserhelper.trusted.ManageDataLauncherActivity$Connection -> com.google.androidbrowserhelper.trusted.ManageDataLauncherActivity$b:
# {"id":"sourceFile","fileName":"ManageDataLauncherActivity.java"}
    com.google.androidbrowserhelper.trusted.ManageDataLauncherActivity this$0 -> b
    1:1:void <init>(com.google.androidbrowserhelper.trusted.ManageDataLauncherActivity):250:250 -> <init>
    2:2:void <init>(com.google.androidbrowserhelper.trusted.ManageDataLauncherActivity,com.google.androidbrowserhelper.trusted.ManageDataLauncherActivity$1):250:250 -> <init>
      # {"id":"com.android.tools.r8.residualsignature","signature":"(Lcom/google/androidbrowserhelper/trusted/ManageDataLauncherActivity;Lcom/google/androidbrowserhelper/trusted/ManageDataLauncherActivity$a;)V"}
    1:8:void onCustomTabsServiceConnected(android.content.ComponentName,androidx.browser.customtabs.CustomTabsClient):254:254 -> a
      # {"id":"com.android.tools.r8.residualsignature","signature":"(Landroid/content/ComponentName;Ln/c;)V"}
    9:19:void onCustomTabsServiceConnected(android.content.ComponentName,androidx.browser.customtabs.CustomTabsClient):255:255 -> a