app/build/outputs/mapping/release/usage.txt
app.signalnoise.twa.BasicWidget
app.signalnoise.twa.JavaScriptInterface
app.signalnoise.twa.R$bool
app.signalnoise.twa.R$color
app.signalnoise.twa.R$drawable
app.signalnoise.twa.R$id:
    public static int ai_container
    public static int ai_insight
    public static int ai_message
    public static int ai_overlay
    public static int ai_pulse
    public static int ai_section_2x2
    public static int ai_text_2x2
    public static int debug_ratio
    public static int debug_source
    public static int debug_title
    public static int debug_update
    public static int elegant_container
    public static int fallback_container
    public static int fallback_text
    public static int flow_field
    public static int flow_ratio
    public static int flow_state
    public static int hourly_pattern
    public static int last_update
    public static int minimal_field
    public static int minimal_text
    public static int noise_count
    public static int noise_detail
    public static int nothing_text
    public static int pattern_chart
    public static int peak_hour
    public static int progress_arc
    public static int ratio_large
    public static int ratio_main
    public static int ratio_percent
    public static int ratio_text
    public static int ratio_text_2x2
    public static int signal_count
    public static int signal_detail
    public static int signal_label
    public static int simple_ratio
    public static int simple_status
    public static int status_large
    public static int status_text
    public static int status_text_2x2
    public static int streak_container
    public static int streak_number
app.signalnoise.twa.R$integer
app.signalnoise.twa.R$layout:
    public static int widget_1x1_compact
    public static int widget_debug
    public static int widget_elegant
    public static int widget_exceptional
    public static int widget_flow
    public static int widget_gradient
    public static int widget_minimal
    public static int widget_minimal_test
    public static int widget_nothing
    public static int widget_signal_noise
    public static int widget_signal_noise_2x1
    public static int widget_signal_wave
    public static int widget_signal_wave_2x2
    public static int widget_signal_wave_4x2
    public static int widget_signal_wave_fallback
    public static int widget_signal_wave_fixed
    public static int widget_signal_wave_simple
    public static int widget_simple_fix
    public static int widget_sn1x1f
    public static int widget_sn2x1r
    public static int widget_wave
    public static int widget_working
    public static int widget_zen
    private void <init>()
app.signalnoise.twa.R$mipmap
app.signalnoise.twa.R$string
app.signalnoise.twa.R$xml
app.signalnoise.twa.R
app.signalnoise.twa.SignalNoiseDataBridge
app.signalnoise.twa.WidgetUpdateService:
    private static final java.lang.String TAG
    private static final long UPDATE_INTERVAL
app.signalnoise.twa.widget.B
app.signalnoise.twa.widget.C
app.signalnoise.twa.widget.D
app.signalnoise.twa.widget.DataPollingService:
    private static final long POLL_INTERVAL
    private static final java.lang.String PREFS_NAME
    private static final java.lang.String TAG
app.signalnoise.twa.widget.DebugWidget:
    public void <init>()
    public void onUpdate(android.content.Context,android.appwidget.AppWidgetManager,int[])
    private void updateDebugWidget(android.content.Context,android.appwidget.AppWidgetManager,int)
app.signalnoise.twa.widget.MinimalTestWidget
app.signalnoise.twa.widget.P
app.signalnoise.twa.widget.Q:
    private static final java.lang.String PREFS_NAME
app.signalnoise.twa.widget.QWinner
app.signalnoise.twa.widget.RedisDataFetcher:
    private static final java.lang.String API_URL
    private static final java.lang.String PREFS_NAME
    private static final java.lang.String TAG
    public void <init>()
...
kotlin.sequences.SequencesKt___SequencesKt$onEach$1
kotlin.sequences.SequencesKt___SequencesKt$onEachIndexed$1
kotlin.sequences.SequencesKt___SequencesKt$requireNoNulls$1
kotlin.sequences.SequencesKt___SequencesKt$runningFold$1
kotlin.sequences.SequencesKt___SequencesKt$runningFoldIndexed$1
kotlin.sequences.SequencesKt___SequencesKt$runningReduce$1
kotlin.sequences.SequencesKt___SequencesKt$runningReduceIndexed$1
kotlin.sequences.SequencesKt___SequencesKt$sorted$1
kotlin.sequences.SequencesKt___SequencesKt$sortedWith$1
kotlin.sequences.SequencesKt___SequencesKt$zip$1
kotlin.sequences.SequencesKt___SequencesKt$zipWithNext$1
kotlin.sequences.SequencesKt___SequencesKt$zipWithNext$2
kotlin.sequences.SequencesKt___SequencesKt
kotlin.sequences.SubSequence$iterator$1
kotlin.sequences.SubSequence
kotlin.sequences.TakeSequence$iterator$1
kotlin.sequences.TakeSequence
kotlin.sequences.TakeWhileSequence$iterator$1
kotlin.sequences.TakeWhileSequence
kotlin.sequences.TransformingIndexedSequence$iterator$1
kotlin.sequences.TransformingIndexedSequence
kotlin.sequences.TransformingSequence$iterator$1
kotlin.sequences.TransformingSequence
kotlin.sequences.USequencesKt
kotlin.sequences.USequencesKt___USequencesKt
kotlin.streams.jdk8.StreamsKt$asSequence$$inlined$Sequence$1
kotlin.streams.jdk8.StreamsKt$asSequence$$inlined$Sequence$2
kotlin.streams.jdk8.StreamsKt$asSequence$$inlined$Sequence$3
kotlin.streams.jdk8.StreamsKt$asSequence$$inlined$Sequence$4
kotlin.streams.jdk8.StreamsKt
kotlin.system.ProcessKt
kotlin.system.TimingKt
kotlin.text.CharCategory$Companion
kotlin.text.CharCategory
kotlin.text.CharDirectionality$Companion$directionalityMap$2
kotlin.text.CharDirectionality$Companion
kotlin.text.CharDirectionality
kotlin.text.CharsKt:
    private void <init>()
kotlin.text.CharsKt__CharJVMKt:
    public void <init>()
    public static final int checkRadix(int)
    public static final int digitOf(char,int)
    public static final kotlin.text.CharCategory getCategory(char)
    public static final kotlin.text.CharDirectionality getDirectionality(char)
    private static final boolean isDefined(char)
    private static final boolean isDigit(char)
    private static final boolean isHighSurrogate(char)
    private static final boolean isISOControl(char)
    private static final boolean isIdentifierIgnorable(char)
    private static final boolean isJavaIdentifierPart(char)
    private static final boolean isJavaIdentifierStart(char)
    private static final boolean isLetter(char)
    private static final boolean isLetterOrDigit(char)
    private static final boolean isLowSurrogate(char)
    private static final boolean isLowerCase(char)
    private static final boolean isTitleCase(char)
    private static final boolean isUpperCase(char)
    public static final boolean isWhitespace(char)
    private static final java.lang.String lowercase(char)
    public static final java.lang.String lowercase(char,java.util.Locale)
    private static final char lowercaseChar(char)
    public static final java.lang.String titlecase(char,java.util.Locale)
    private static final char titlecaseChar(char)
    private static final char toLowerCase(char)
    private static final char toTitleCase(char)
    private static final char toUpperCase(char)
kotlin.text.CharsKt__CharKt:
    public void <init>()
    public static final char digitToChar(int)
    public static final char digitToChar(int,int)
    public static final int digitToInt(char)
    public static final int digitToInt(char,int)
    public static final java.lang.Integer digitToIntOrNull(char)
    public static final java.lang.Integer digitToIntOrNull(char,int)
    public static synthetic boolean equals$default(char,char,boolean,int,java.lang.Object)
    public static final boolean isSurrogate(char)
    private static final java.lang.String plus(char,java.lang.String)
    public static final java.lang.String titlecase(char)
kotlin.text.Charsets
kotlin.text.CharsetsKt